2026-02-27 14:30:16 [INFO] quant: Starting stock list update process.
2026-02-27 14:30:17 [INFO] quant: Fetching all A-share combinations from baostock...
2026-02-27 14:30:17 [INFO] quant: Total entries from baostock: 0
2026-02-27 14:30:17 [INFO] quant: Count after basic rules (BSE, STAR, ST, Delisted): 0
2026-02-27 14:30:17 [INFO] quant: Fetching real-time market data from Tencent to filter micro-cap, zombie, and manipulated stocks...
2026-02-27 14:30:17 [INFO] quant: Filtered 0 micro-cap stocks (< 50.0 亿).
2026-02-27 14:30:17 [INFO] quant: Filtered 0 zombie stocks (< 10000.0 万).
2026-02-27 14:30:17 [INFO] quant: Filtered 0 potential manipulated stocks (turnover > 20.0%).
2026-02-27 14:30:17 [INFO] quant: Filtered 0 highly inactive stocks (turnover < 3.0%).
2026-02-27 14:30:17 [INFO] quant: Filtered 0 stocks failing PE/PB fundamentals.
2026-02-27 14:30:17 [INFO] quant: Final high-value stock count: 0
2026-02-27 14:30:17 [WARNING] quant: No stocks passed the filters! Check your config threshold.
2026-02-27 14:30:42 [INFO] quant: Starting stock list update process.
2026-02-27 14:30:43 [INFO] quant: Fetching all A-share combinations from baostock...
2026-02-27 14:30:44 [INFO] quant: Total entries from baostock: 0
2026-02-27 14:30:44 [INFO] quant: Count after basic rules (BSE, STAR, ST, Delisted): 0
2026-02-27 14:30:44 [INFO] quant: Fetching real-time market data from Tencent to filter micro-cap, zombie, and manipulated stocks...
2026-02-27 14:30:44 [INFO] quant: Filtered 0 micro-cap stocks (< 50.0 亿).
2026-02-27 14:30:44 [INFO] quant: Filtered 0 zombie stocks (< 10000.0 万).
2026-02-27 14:30:44 [INFO] quant: Filtered 0 potential manipulated stocks (turnover > 20.0%).
2026-02-27 14:30:44 [INFO] quant: Filtered 0 highly inactive stocks (turnover < 3.0%).
2026-02-27 14:30:44 [INFO] quant: Filtered 0 stocks failing PE/PB fundamentals.
2026-02-27 14:30:44 [INFO] quant: Final high-value stock count: 0
2026-02-27 14:30:44 [WARNING] quant: No stocks passed the filters! Check your config threshold.
2026-02-27 14:30:47 [ERROR] quant: Stock list not found at data\stock-list.csv. Please run 'update-list' first.
2026-02-27 14:30:48 [INFO] quant: === Optuna 贝叶斯策略引擎启动 (Phase 3) ===
2026-02-27 14:30:48 [INFO] quant: 目标函数: sharpe_adj | 最大试错: 30 | 采样: 100
2026-02-27 14:30:48 [INFO] quant: 训练(Train)/测试(OOS) 时间横切点: None
2026-02-27 14:30:48 [INFO] quant: === Optuna 调参完结 ===
2026-02-27 14:30:48 [INFO] quant: 历史最佳样本内得分 (Train Score): -999.000000
2026-02-27 14:30:48 [INFO] quant: 真实验本外盲测得分 (Test/OOS Score): -999.000000
2026-02-27 14:30:48 [INFO] quant: 优化结果已保存: data/optimize_results\20260227_143048
2026-02-27 14:30:48 [INFO] quant: 优化结果已保存: data/optimize_results\20260227_143048
2026-02-27 14:30:48 [INFO] quant: 最优参数已写回 config.yaml
2026-02-27 14:30:48 [ERROR] quant: 在 data 未找到相关的历史数据。请先执行 update-data。
2026-02-27 14:52:56 [INFO] quant: Starting stock list update process.
2026-02-27 14:52:57 [INFO] quant: Fetching all A-share combinations from baostock...
2026-02-27 14:52:57 [INFO] quant: 尝试查询日期: 2026-02-27 (第 1 次)
2026-02-27 14:52:57 [WARNING] quant: 日期 2026-02-27 未返回任何股票数据，回退到前一天...
2026-02-27 14:52:57 [INFO] quant: 尝试查询日期: 2026-02-26 (第 2 次)
2026-02-27 14:53:02 [INFO] quant: 成功获取到 7135 条记录 (查询日期: 2026-02-26)
2026-02-27 14:53:02 [INFO] quant: Count after basic rules (BSE, STAR, ST, Delisted): 6360
2026-02-27 14:53:02 [INFO] quant: Fetching real-time market data from Tencent to filter micro-cap, zombie, and manipulated stocks...
2026-02-27 14:53:35 [INFO] quant: Filtered 1863 micro-cap stocks (< 30.0 亿).
2026-02-27 14:53:35 [INFO] quant: Filtered 1137 zombie stocks (< 10000.0 万).
2026-02-27 14:53:35 [INFO] quant: Filtered 84 potential manipulated stocks (turnover > 20.0%).
2026-02-27 14:53:35 [INFO] quant: Filtered 517 highly inactive stocks (turnover < 1.0%).
2026-02-27 14:53:35 [INFO] quant: Filtered 1734 stocks failing PE/PB fundamentals.
2026-02-27 14:53:35 [INFO] quant: Final high-value stock count: 1025
2026-02-27 14:53:35 [INFO] quant: Saved high-value stock list to data\stock-list.csv
2026-02-27 14:53:46 [INFO] quant: Loaded 1026 stocks to update historical data (including market index).
2026-02-27 14:53:46 [INFO] quant: Starting multi-process pool with 12 workers...
2026-02-27 14:56:36 [INFO] quant: Update summary: 752 new files created, 0 files incrementally updated, 0 API requests returned no new data, 0 skipped (up-to-date), 274 errors.
2026-02-27 15:07:34 [INFO] quant: Starting stock list update process.
2026-02-27 15:07:34 [INFO] quant: Fetching all A-share combinations from baostock...
2026-02-27 15:07:34 [INFO] quant: 尝试查询日期: 2026-02-27 (第 1 次)
2026-02-27 15:07:34 [WARNING] quant: 日期 2026-02-27 未返回任何股票数据，回退到前一天...
2026-02-27 15:07:34 [INFO] quant: 尝试查询日期: 2026-02-26 (第 2 次)
2026-02-27 15:07:38 [INFO] quant: 成功获取到 7135 条记录 (查询日期: 2026-02-26)
2026-02-27 15:07:38 [INFO] quant: Count after basic rules (BSE, STAR, ST, Delisted): 6360
2026-02-27 15:07:38 [INFO] quant: Fetching real-time market data from Tencent to filter micro-cap, zombie, and manipulated stocks...
2026-02-27 15:08:13 [INFO] quant: Filtered 1862 micro-cap stocks (< 30.0 亿).
2026-02-27 15:08:13 [INFO] quant: Filtered 1074 zombie stocks (< 10000.0 万).
2026-02-27 15:08:13 [INFO] quant: Filtered 92 potential manipulated stocks (turnover > 20.0%).
2026-02-27 15:08:13 [INFO] quant: Filtered 491 highly inactive stocks (turnover < 1.0%).
2026-02-27 15:08:13 [INFO] quant: Filtered 1775 stocks failing PE/PB fundamentals.
2026-02-27 15:08:13 [INFO] quant: Final high-value stock count: 1066
2026-02-27 15:08:13 [INFO] quant: Saved high-value stock list to data\stock-list.csv
2026-02-27 15:08:17 [INFO] quant: Loaded 1067 stocks to update historical data (including market index).
2026-02-27 15:08:17 [INFO] quant: Starting thread pool with 4 workers (with retry, max_retries=3)...
2026-02-27 15:08:18 [WARNING] quant: 数据拉取失败 (已重试3次) sh.600019: Baostock login failed: 网络接收错误。
2026-02-27 15:08:28 [WARNING] quant: 数据拉取失败 (已重试3次) sh.600089: API error: 网络接收错误。
2026-02-27 15:08:32 [WARNING] quant: 数据拉取失败 (已重试3次) sh.600114: API error: 网络接收错误。
2026-02-27 15:08:48 [WARNING] quant: 数据拉取失败 (已重试3次) sh.600141: API error: 网络接收错误。
2026-02-27 15:08:52 [WARNING] quant: 数据拉取失败 (已重试3次) sh.600143: API error: 网络接收错误。
2026-02-27 15:08:52 [WARNING] quant: 数据拉取失败 (已重试3次) sh.600150: Baostock login failed: 网络接收错误。
2026-02-27 16:26:20 [INFO] quant: Loaded 1067 stocks to update historical data (including market index).
2026-02-27 16:26:20 [INFO] quant: Starting thread pool with 4 workers (with retry, max_retries=3)...
2026-02-27 16:26:22 [WARNING] quant: 数据拉取失败 (已重试3次) sh.600008: Baostock login failed: 网络接收错误。
2026-02-27 16:26:23 [WARNING] quant: 数据拉取失败 (已重试3次) sh.600023: Baostock login failed: 网络接收错误。
2026-02-27 16:40:14 [INFO] quant: Loaded 1067 stocks to update historical data (including market index).
2026-02-27 16:40:14 [INFO] quant: Starting thread pool with 4 workers (with retry, max_retries=3)...
2026-02-27 16:41:23 [WARNING] quant: 数据拉取失败 (已重试3次) sh.603486: API error: 网络接收错误。
2026-02-27 16:41:24 [WARNING] quant: 数据拉取失败 (已重试3次) sh.603505: API error: 网络接收错误。
2026-02-27 16:41:24 [WARNING] quant: 数据拉取失败 (已重试3次) sh.603500: API error: 网络接收错误。
2026-02-27 16:45:36 [INFO] quant: Loaded 1067 stocks to update historical data (including market index).
2026-02-27 16:45:37 [INFO] quant: 第一轮：串行拉取全量数据...
2026-02-27 16:51:01 [INFO] quant: 第一轮完成: 217 new, 0 updated, 850 empty, 0 skipped, 0 errors.
2026-02-27 16:51:01 [INFO] quant: ===== 数据更新完毕 =====
  成功下载/更新: 217 只
  无新数据 (empty): 850 只
  已是最新 (skip): 0 只
  最终失败: 0 只
2026-02-27 17:02:14 [INFO] quant: 开始对 1068 支股票执行多因子综合分析...
2026-02-27 17:02:53 [INFO] quant: 分析完成。共有 626 支股票满足评分阈值。
2026-02-27 17:02:53 [INFO] quant: 高分优选股列表已保存至: selected_stocks_20260227.csv
2026-02-27 17:02:56 [INFO] quant: Scanning progress: 0/626 (sz.301589)
2026-02-27 17:03:44 [INFO] quant: Starting stock list update process.
2026-02-27 17:03:45 [INFO] quant: Fetching all A-share combinations from baostock...
2026-02-27 17:03:45 [INFO] quant: 尝试查询日期: 2026-02-27 (第 1 次)
2026-02-27 17:03:45 [WARNING] quant: 日期 2026-02-27 未返回任何股票数据，回退到前一天...
2026-02-27 17:03:45 [INFO] quant: 尝试查询日期: 2026-02-26 (第 2 次)
2026-02-27 17:03:49 [INFO] quant: 成功获取到 7135 条记录 (查询日期: 2026-02-26)
2026-02-27 17:03:49 [INFO] quant: Count after basic rules (BSE, STAR, ST, Delisted): 6360
2026-02-27 17:03:49 [INFO] quant: Fetching real-time market data from Tencent to filter micro-cap, zombie, and manipulated stocks...
2026-02-27 17:04:11 [INFO] quant: Filtered 1852 micro-cap stocks (< 30.0 亿).
2026-02-27 17:04:11 [INFO] quant: Filtered 1084 zombie stocks (< 10000.0 万).
2026-02-27 17:04:11 [INFO] quant: Filtered 92 potential manipulated stocks (turnover > 20.0%).
2026-02-27 17:04:11 [INFO] quant: Filtered 491 highly inactive stocks (turnover < 1.0%).
2026-02-27 17:04:11 [INFO] quant: Filtered 1775 stocks failing PE/PB fundamentals.
2026-02-27 17:04:11 [INFO] quant: Final high-value stock count: 1066
2026-02-27 17:04:11 [INFO] quant: Saved high-value stock list to data\stock-list.csv
2026-02-27 17:04:12 [INFO] quant: Loaded 1067 stocks to update historical data (including market index).
2026-02-27 17:04:12 [INFO] quant: 第一轮：串行拉取全量数据...
2026-02-27 17:08:09 [INFO] quant: 第一轮完成: 0 new, 0 updated, 1067 empty, 0 skipped, 0 errors.
2026-02-27 17:08:09 [INFO] quant: ===== 数据更新完毕 =====
  成功下载/更新: 0 只
  无新数据 (empty): 1067 只
  已是最新 (skip): 0 只
  最终失败: 0 只
2026-02-27 17:08:09 [INFO] quant: === Optuna 贝叶斯策略引擎启动 (Phase 3) ===
2026-02-27 17:08:09 [INFO] quant: 目标函数: sharpe_adj | 最大试错: 30 | 采样: 100
2026-02-27 17:08:09 [INFO] quant: 训练(Train)/测试(OOS) 时间横切点: 2025-04-30
2026-02-27 17:10:42 [INFO] quant: === Optuna 贝叶斯策略引擎启动 (Phase 3) ===
2026-02-27 17:10:42 [INFO] quant: 目标函数: sharpe_adj | 最大试错: 50 | 采样: 300
2026-02-27 17:10:42 [INFO] quant: 训练(Train)/测试(OOS) 时间横切点: 2025-04-30
2026-02-27 17:12:08 [INFO] quant: === Optuna 贝叶斯策略引擎启动 (Phase 3) ===
2026-02-27 17:12:08 [INFO] quant: 目标函数: sharpe_adj | 最大试错: 50 | 采样: 350
2026-02-27 17:12:08 [INFO] quant: 训练(Train)/测试(OOS) 时间横切点: 2025-04-30
2026-02-27 19:37:46 [INFO] quant: === Optuna 调参完结 ===
2026-02-27 19:37:46 [INFO] quant: 历史最佳样本内得分 (Train Score): 0.322195
2026-02-27 20:40:11 [INFO] quant: Starting stock list update process.
2026-02-27 20:40:15 [INFO] quant: Fetching all A-share combinations from baostock...
2026-02-27 20:40:15 [INFO] quant: 尝试查询日期: 2026-02-27 (第 1 次)
2026-02-27 20:40:26 [INFO] quant: 成功获取到 7125 条记录 (查询日期: 2026-02-27)
2026-02-27 20:40:26 [INFO] quant: Count after basic rules (BSE, STAR, ST, Delisted): 6350
2026-02-27 20:40:26 [INFO] quant: Fetching real-time market data from Tencent to filter micro-cap, zombie, and manipulated stocks...
2026-02-27 20:40:55 [INFO] quant: Filtered 1852 micro-cap stocks (< 30.0 亿).
2026-02-27 20:40:55 [INFO] quant: Filtered 1074 zombie stocks (< 10000.0 万).
2026-02-27 20:40:55 [INFO] quant: Filtered 92 potential manipulated stocks (turnover > 20.0%).
2026-02-27 20:40:55 [INFO] quant: Filtered 491 highly inactive stocks (turnover < 1.0%).
2026-02-27 20:40:55 [INFO] quant: Filtered 1775 stocks failing PE/PB fundamentals.
2026-02-27 20:40:55 [INFO] quant: Final high-value stock count: 1066
2026-02-27 20:40:55 [INFO] quant: Saved high-value stock list to data\stock-list.csv
2026-02-27 20:40:56 [INFO] quant: Loaded 1067 stocks to update historical data (including market index).
2026-02-27 20:41:00 [INFO] quant: 第一轮：串行拉取全量数据...
2026-02-27 21:10:22 [INFO] quant: 第一轮完成: 1 new, 1066 updated, 0 empty, 0 skipped, 0 errors.
2026-02-27 21:10:22 [INFO] quant: ===== 数据更新完毕 =====
  成功下载/更新: 1067 只
  无新数据 (empty): 0 只
  已是最新 (skip): 0 只
  最终失败: 0 只
2026-02-27 21:10:22 [INFO] quant: === Optuna 贝叶斯策略引擎启动 (Phase 3) ===
2026-02-27 21:10:22 [INFO] quant: 目标函数: sharpe_adj | 最大试错: 30 | 采样: 100
2026-02-27 21:10:22 [INFO] quant: Using stratified sampling by market_cap...
2026-02-27 21:10:24 [INFO] quant: Stratified sampling completed: 100 codes from 3 groups
2026-02-27 21:10:24 [INFO] quant: 训练(Train)/测试(OOS) 时间横切点: 2025-05-06
2026-02-27 21:18:06 [INFO] quant: === Optuna 调参完结 ===
2026-02-27 21:18:06 [INFO] quant: 历史最佳样本内得分 (Train Score): 0.029088
2026-02-27 21:18:19 [INFO] quant: 真实验本外盲测得分 (Test/OOS Score): -0.018347
2026-02-27 21:18:19 [INFO] quant: 优化结果已保存: data/optimize_results\20260227_211819
2026-02-27 21:18:19 [INFO] quant: 优化结果已保存: data/optimize_results\20260227_211819
2026-02-27 21:18:19 [INFO] quant: 最优参数已写回 config.yaml
2026-02-27 21:18:19 [INFO] quant: 开始对 1069 支股票执行多因子综合分析...
2026-02-27 21:18:57 [INFO] quant: 分析完成。共有 936 支股票满足评分阈值。
2026-02-27 21:18:57 [ERROR] quant: Auto-Pilot failed
Traceback (most recent call last):
  File "D:\WorkSpace\CoffeeTalk\baostock-master\.venv\Lib\site-packages\pandas\core\indexes\base.py", line 3812, in get_loc
    return self._engine.get_loc(casted_key)
           ~~~~~~~~~~~~~~~~~~~~^^^^^^^^^^^^
  File "pandas/_libs/index.pyx", line 167, in pandas._libs.index.IndexEngine.get_loc
  File "pandas/_libs/index.pyx", line 196, in pandas._libs.index.IndexEngine.get_loc
  File "pandas/_libs/hashtable_class_helper.pxi", line 7088, in pandas._libs.hashtable.PyObjectHashTable.get_item
  File "pandas/_libs/hashtable_class_helper.pxi", line 7096, in pandas._libs.hashtable.PyObjectHashTable.get_item
KeyError: 'total_score'

The above exception was the direct cause of the following exception:

Traceback (most recent call last):
  File "D:\WorkSpace\CoffeeTalk\baostock-master\app.py", line 567, in ui_auto_pilot
    analyze_all_stocks()
    ~~~~~~~~~~~~~~~~~~^^
  File "D:\WorkSpace\CoffeeTalk\baostock-master\quant\analyzer.py", line 368, in analyze_all_stocks
    sector_signals = calculate_sector_rotation_signals(res_df)
  File "D:\WorkSpace\CoffeeTalk\baostock-master\quant\analyzer.py", line 429, in calculate_sector_rotation_signals
    sector_df['total_score'] - sector_df['sector_avg_score']
    ~~~~~~~~~^^^^^^^^^^^^^^^
  File "D:\WorkSpace\CoffeeTalk\baostock-master\.venv\Lib\site-packages\pandas\core\frame.py", line 4113, in __getitem__
    indexer = self.columns.get_loc(key)
  File "D:\WorkSpace\CoffeeTalk\baostock-master\.venv\Lib\site-packages\pandas\core\indexes\base.py", line 3819, in get_loc
    raise KeyError(key) from err
KeyError: 'total_score'
2026-02-27 21:31:16 [INFO] quant: Starting stock list update process.
2026-02-27 21:31:17 [INFO] quant: Fetching all A-share combinations from baostock...
2026-02-27 21:31:17 [INFO] quant: 尝试查询日期: 2026-02-27 (第 1 次)
2026-02-27 21:31:28 [INFO] quant: 成功获取到 7125 条记录 (查询日期: 2026-02-27)
2026-02-27 21:31:28 [INFO] quant: Count after basic rules (BSE, STAR, ST, Delisted): 6350
2026-02-27 21:31:28 [INFO] quant: Fetching real-time market data from Tencent to filter micro-cap, zombie, and manipulated stocks...
2026-02-27 21:31:49 [INFO] quant: Filtered 1852 micro-cap stocks (< 30.0 亿).
2026-02-27 21:31:49 [INFO] quant: Filtered 1074 zombie stocks (< 10000.0 万).
2026-02-27 21:31:49 [INFO] quant: Filtered 92 potential manipulated stocks (turnover > 20.0%).
2026-02-27 21:31:49 [INFO] quant: Filtered 491 highly inactive stocks (turnover < 1.0%).
2026-02-27 21:31:49 [INFO] quant: Filtered 1775 stocks failing PE/PB fundamentals.
2026-02-27 21:31:49 [INFO] quant: Final high-value stock count: 1066
2026-02-27 21:31:49 [INFO] quant: Saved high-value stock list to data\stock-list.csv
2026-02-27 21:31:50 [INFO] quant: Loaded 1067 stocks to update historical data (including market index).
2026-02-27 21:31:52 [INFO] quant: 第一轮：串行拉取全量数据...
2026-02-27 21:31:54 [INFO] quant: 第一轮完成: 0 new, 0 updated, 0 empty, 1067 skipped, 0 errors.
2026-02-27 21:31:54 [INFO] quant: ===== 数据更新完毕 =====
  成功下载/更新: 0 只
  无新数据 (empty): 0 只
  已是最新 (skip): 1067 只
  最终失败: 0 只
2026-02-27 21:31:54 [INFO] quant: === Optuna 贝叶斯策略引擎启动 (Phase 3) ===
2026-02-27 21:31:54 [INFO] quant: 目标函数: sharpe_adj | 最大试错: 30 | 采样: 100
2026-02-27 21:31:54 [INFO] quant: Using stratified sampling by market_cap...
2026-02-27 21:31:56 [INFO] quant: Stratified sampling completed: 100 codes from 3 groups
2026-02-27 21:31:56 [INFO] quant: 训练(Train)/测试(OOS) 时间横切点: 2025-05-06
2026-02-27 21:39:39 [INFO] quant: === Optuna 调参完结 ===
2026-02-27 21:39:39 [INFO] quant: 历史最佳样本内得分 (Train Score): 0.048488
2026-02-27 21:39:52 [INFO] quant: 真实验本外盲测得分 (Test/OOS Score): -0.031198
2026-02-27 21:39:52 [INFO] quant: 优化结果已保存: data/optimize_results\20260227_213952
2026-02-27 21:39:52 [INFO] quant: 优化结果已保存: data/optimize_results\20260227_213952
2026-02-27 21:39:52 [INFO] quant: 最优参数已写回 config.yaml
2026-02-27 21:39:52 [INFO] quant: 开始对 1069 支股票执行多因子综合分析...
2026-02-27 21:40:31 [INFO] quant: 分析完成。共有 985 支股票满足评分阈值。
2026-02-27 21:40:31 [ERROR] quant: Auto-Pilot failed
Traceback (most recent call last):
  File "D:\WorkSpace\CoffeeTalk\baostock-master\app.py", line 567, in ui_auto_pilot
    analyze_all_stocks()
    ~~~~~~~~~~~~~~~~~~^^
  File "D:\WorkSpace\CoffeeTalk\baostock-master\quant\analyzer.py", line 371, in analyze_all_stocks
    res_df = res_df.sort_values("total_score", ascending=False)
  File "D:\WorkSpace\CoffeeTalk\baostock-master\.venv\Lib\site-packages\pandas\core\frame.py", line 7211, in sort_values
    k = self._get_label_or_level_values(by[0], axis=axis)
  File "D:\WorkSpace\CoffeeTalk\baostock-master\.venv\Lib\site-packages\pandas\core\generic.py", line 1914, in _get_label_or_level_values
    raise KeyError(key)
KeyError: 'total_score'
2026-02-27 21:58:45 [INFO] quant: Starting stock list update process.
2026-02-27 21:58:45 [INFO] quant: Fetching all A-share combinations from baostock...
2026-02-27 21:58:45 [INFO] quant: 尝试查询日期: 2026-02-27 (第 1 次)
2026-02-27 21:59:03 [INFO] quant: 成功获取到 7125 条记录 (查询日期: 2026-02-27)
2026-02-27 21:59:03 [INFO] quant: Count after basic rules (BSE, STAR, ST, Delisted): 6350
2026-02-27 21:59:03 [INFO] quant: Fetching real-time market data from Tencent to filter micro-cap, zombie, and manipulated stocks...
2026-02-27 21:59:25 [INFO] quant: Filtered 1852 micro-cap stocks (< 30.0 亿).
2026-02-27 21:59:25 [INFO] quant: Filtered 1074 zombie stocks (< 10000.0 万).
2026-02-27 21:59:25 [INFO] quant: Filtered 92 potential manipulated stocks (turnover > 20.0%).
2026-02-27 21:59:25 [INFO] quant: Filtered 491 highly inactive stocks (turnover < 1.0%).
2026-02-27 21:59:25 [INFO] quant: Filtered 1775 stocks failing PE/PB fundamentals.
2026-02-27 21:59:25 [INFO] quant: Final high-value stock count: 1066
2026-02-27 21:59:25 [INFO] quant: Saved high-value stock list to data\stock-list.csv
2026-02-27 21:59:25 [INFO] quant: Loaded 1067 stocks to update historical data (including market index).
2026-02-27 21:59:25 [INFO] quant: 第一轮：串行拉取全量数据...
2026-02-27 21:59:27 [INFO] quant: 第一轮完成: 0 new, 0 updated, 0 empty, 1067 skipped, 0 errors.
2026-02-27 21:59:27 [INFO] quant: ===== 数据更新完毕 =====
  成功下载/更新: 0 只
  无新数据 (empty): 0 只
  已是最新 (skip): 1067 只
  最终失败: 0 只
2026-02-27 21:59:27 [INFO] quant: === Optuna 贝叶斯策略引擎启动 (Phase 3) ===
2026-02-27 21:59:27 [INFO] quant: 目标函数: sharpe_adj | 最大试错: 30 | 采样: 100
2026-02-27 21:59:27 [INFO] quant: Using stratified sampling by market_cap...
2026-02-27 21:59:28 [INFO] quant: Stratified sampling completed: 100 codes from 3 groups
2026-02-27 21:59:28 [INFO] quant: 训练(Train)/测试(OOS) 时间横切点: 2025-05-06
2026-02-27 22:07:05 [INFO] quant: === Optuna 调参完结 ===
2026-02-27 22:07:05 [INFO] quant: 历史最佳样本内得分 (Train Score): 0.062451
2026-02-27 22:07:18 [INFO] quant: 真实验本外盲测得分 (Test/OOS Score): -0.033956
2026-02-27 22:07:18 [INFO] quant: 优化结果已保存: data/optimize_results\20260227_220718
2026-02-27 22:07:18 [INFO] quant: 优化结果已保存: data/optimize_results\20260227_220718
2026-02-27 22:07:18 [INFO] quant: 最优参数已写回 config.yaml
2026-02-27 22:07:18 [INFO] quant: 开始对 1069 支股票执行多因子综合分析...
2026-02-27 22:07:57 [INFO] quant: 分析完成。共有 937 支股票满足评分阈值。
2026-02-27 22:07:57 [INFO] quant: 高分优选股列表已保存至: selected_stocks_20260227.csv
